Copyright 1986-2022 Xilinx, Inc. All Rights Reserved. Copyright 2022-2023 Advanced Micro Devices, Inc. All Rights Reserved.
-----------------------------------------------------------------------------------------------------------------------------------------------------------------------------------------------------
| Tool Version : Vivado v.2023.2 (win64) Build 4029153 Fri Oct 13 20:14:34 MDT 2023
| Date         : Thu Nov 30 16:30:09 2023
| Host         : def running 64-bit major release  (build 9200)
| Command      : report_timing_summary -max_paths 10 -file whole_work_timing_summary_routed.rpt -pb whole_work_timing_summary_routed.pb -rpx whole_work_timing_summary_routed.rpx -warn_on_violation
| Design       : whole_work
| Device       : 7a35t-csg324
| Speed File   : -3  PRODUCTION 1.23 2018-06-13
| Design State : Routed
-----------------------------------------------------------------------------------------------------------------------------------------------------------------------------------------------------

Timing Summary Report

------------------------------------------------------------------------------------------------
| Timer Settings
| --------------
------------------------------------------------------------------------------------------------

  Enable Multi Corner Analysis               :  Yes
  Enable Pessimism Removal                   :  Yes
  Pessimism Removal Resolution               :  Nearest Common Node
  Enable Input Delay Default Clock           :  No
  Enable Preset / Clear Arcs                 :  No
  Disable Flight Delays                      :  No
  Ignore I/O Paths                           :  No
  Timing Early Launch at Borrowing Latches   :  No
  Borrow Time for Max Delay Exceptions       :  Yes
  Merge Timing Exceptions                    :  Yes
  Inter-SLR Compensation                     :  Conservative

  Corner  Analyze    Analyze    
  Name    Max Paths  Min Paths  
  ------  ---------  ---------  
  Slow    Yes        Yes        
  Fast    Yes        Yes        


------------------------------------------------------------------------------------------------
| Report Methodology
| ------------------
------------------------------------------------------------------------------------------------

Rule       Severity          Description                     Violations  
---------  ----------------  ------------------------------  ----------  
TIMING-17  Critical Warning  Non-clocked sequential cell     310         
TIMING-20  Warning           Non-clocked latch               14          
LATCH-1    Advisory          Existing latches in the design  1           

Note: This report is based on the most recent report_methodology run and may not be up-to-date. Run report_methodology on the current design for the latest report.



check_timing report

Table of Contents
-----------------
1. checking no_clock (422)
2. checking constant_clock (0)
3. checking pulse_width_clock (0)
4. checking unconstrained_internal_endpoints (853)
5. checking no_input_delay (8)
6. checking no_output_delay (22)
7. checking multiple_clock (0)
8. checking generated_clocks (0)
9. checking loops (0)
10. checking partial_input_delay (0)
11. checking partial_output_delay (0)
12. checking latch_loops (0)

1. checking no_clock (422)
--------------------------
 There are 92 register/latch pins with no clock driven by root clock pin: clk0 (HIGH)

 There are 5 register/latch pins with no clock driven by root clock pin: f1/add_sim/count0/newclk_reg/Q (HIGH)

 There are 5 register/latch pins with no clock driven by root clock pin: f1/add_sim/count1/newclk_reg/Q (HIGH)

 There are 5 register/latch pins with no clock driven by root clock pin: f1/add_sim/count2/newclk_reg/Q (HIGH)

 There are 5 register/latch pins with no clock driven by root clock pin: f1/add_sim/count3/newclk_reg/Q (HIGH)

 There are 5 register/latch pins with no clock driven by root clock pin: f1/add_sim/count4/newclk_reg/Q (HIGH)

 There are 5 register/latch pins with no clock driven by root clock pin: f1/add_sim/count5/newclk_reg/Q (HIGH)

 There are 4 register/latch pins with no clock driven by root clock pin: f1/add_sim/count6/newclk_reg/Q (HIGH)

 There are 5 register/latch pins with no clock driven by root clock pin: f1/clk_2_reg/Q (HIGH)

 There are 15 register/latch pins with no clock driven by root clock pin: f1/clk_hand_reg/Q (HIGH)

 There are 5 register/latch pins with no clock driven by root clock pin: f1/clk_reg/Q (HIGH)

 There are 5 register/latch pins with no clock driven by root clock pin: f1/km_price/count0/newclk_reg/Q (HIGH)

 There are 5 register/latch pins with no clock driven by root clock pin: f1/km_price/count1/newclk_reg/Q (HIGH)

 There are 5 register/latch pins with no clock driven by root clock pin: f1/km_price/count2/newclk_reg/Q (HIGH)

 There are 5 register/latch pins with no clock driven by root clock pin: f1/km_price/count3/newclk_reg/Q (HIGH)

 There are 5 register/latch pins with no clock driven by root clock pin: f1/km_price/count4/newclk_reg/Q (HIGH)

 There are 5 register/latch pins with no clock driven by root clock pin: f1/km_price/count5/newclk_reg/Q (HIGH)

 There are 4 register/latch pins with no clock driven by root clock pin: f1/km_price/count6/newclk_reg/Q (HIGH)

 There are 5 register/latch pins with no clock driven by root clock pin: f1/total_people/count0/newclk_reg/Q (HIGH)

 There are 5 register/latch pins with no clock driven by root clock pin: f1/total_people/count1/newclk_reg/Q (HIGH)

 There are 5 register/latch pins with no clock driven by root clock pin: f1/total_people/count2/newclk_reg/Q (HIGH)

 There are 5 register/latch pins with no clock driven by root clock pin: f1/total_people/count3/newclk_reg/Q (HIGH)

 There are 5 register/latch pins with no clock driven by root clock pin: f1/total_people/count4/newclk_reg/Q (HIGH)

 There are 5 register/latch pins with no clock driven by root clock pin: f1/total_people/count5/newclk_reg/Q (HIGH)

 There are 4 register/latch pins with no clock driven by root clock pin: f1/total_people/count6/newclk_reg/Q (HIGH)

 There are 5 register/latch pins with no clock driven by root clock pin: f1/total_price/count0/newclk_reg/Q (HIGH)

 There are 5 register/latch pins with no clock driven by root clock pin: f1/total_price/count1/newclk_reg/Q (HIGH)

 There are 5 register/latch pins with no clock driven by root clock pin: f1/total_price/count2/newclk_reg/Q (HIGH)

 There are 5 register/latch pins with no clock driven by root clock pin: f1/total_price/count3/newclk_reg/Q (HIGH)

 There are 5 register/latch pins with no clock driven by root clock pin: f1/total_price/count4/newclk_reg/Q (HIGH)

 There are 5 register/latch pins with no clock driven by root clock pin: f1/total_price/count5/newclk_reg/Q (HIGH)

 There are 4 register/latch pins with no clock driven by root clock pin: f1/total_price/count6/newclk_reg/Q (HIGH)

 There are 5 register/latch pins with no clock driven by root clock pin: f1/wait_price/count0/newclk_reg/Q (HIGH)

 There are 5 register/latch pins with no clock driven by root clock pin: f1/wait_price/count1/newclk_reg/Q (HIGH)

 There are 5 register/latch pins with no clock driven by root clock pin: f1/wait_price/count2/newclk_reg/Q (HIGH)

 There are 5 register/latch pins with no clock driven by root clock pin: f1/wait_price/count3/newclk_reg/Q (HIGH)

 There are 5 register/latch pins with no clock driven by root clock pin: f1/wait_price/count4/newclk_reg/Q (HIGH)

 There are 5 register/latch pins with no clock driven by root clock pin: f1/wait_price/count5/newclk_reg/Q (HIGH)

 There are 4 register/latch pins with no clock driven by root clock pin: f1/wait_price/count6/newclk_reg/Q (HIGH)

 There are 14 register/latch pins with no clock driven by root clock pin: nolabel_line43/an_reg[0]/Q (HIGH)

 There are 14 register/latch pins with no clock driven by root clock pin: nolabel_line43/an_reg[1]/Q (HIGH)

 There are 14 register/latch pins with no clock driven by root clock pin: nolabel_line43/an_reg[2]/Q (HIGH)

 There are 14 register/latch pins with no clock driven by root clock pin: nolabel_line43/an_reg[3]/Q (HIGH)

 There are 14 register/latch pins with no clock driven by root clock pin: nolabel_line43/an_reg[4]/Q (HIGH)

 There are 14 register/latch pins with no clock driven by root clock pin: nolabel_line43/an_reg[5]/Q (HIGH)

 There are 14 register/latch pins with no clock driven by root clock pin: nolabel_line43/an_reg[6]/Q (HIGH)

 There are 14 register/latch pins with no clock driven by root clock pin: nolabel_line43/an_reg[7]/Q (HIGH)

 There are 23 register/latch pins with no clock driven by root clock pin: nolabel_line43/divclk_reg/Q (HIGH)


2. checking constant_clock (0)
------------------------------
 There are 0 register/latch pins with constant_clock.


3. checking pulse_width_clock (0)
---------------------------------
 There are 0 register/latch pins which need pulse_width check


4. checking unconstrained_internal_endpoints (853)
--------------------------------------------------
 There are 853 pins that are not constrained for maximum delay. (HIGH)

 There are 0 pins that are not constrained for maximum delay due to constant clock.


5. checking no_input_delay (8)
------------------------------
 There are 8 input ports with no input delay specified. (HIGH)

 There are 0 input ports with no input delay but user has a false path constraint.


6. checking no_output_delay (22)
--------------------------------
 There are 22 ports with no output delay specified. (HIGH)

 There are 0 ports with no output delay but user has a false path constraint

 There are 0 ports with no output delay but with a timing clock defined on it or propagating through it


7. checking multiple_clock (0)
------------------------------
 There are 0 register/latch pins with multiple clocks.


8. checking generated_clocks (0)
--------------------------------
 There are 0 generated clocks that are not connected to a clock source.


9. checking loops (0)
---------------------
 There are 0 combinational loops in the design.


10. checking partial_input_delay (0)
------------------------------------
 There are 0 input ports with partial input delay specified.


11. checking partial_output_delay (0)
-------------------------------------
 There are 0 ports with partial output delay specified.


12. checking latch_loops (0)
----------------------------
 There are 0 combinational latch loops in the design through latch input



------------------------------------------------------------------------------------------------
| Design Timing Summary
| ---------------------
------------------------------------------------------------------------------------------------

    WNS(ns)      TNS(ns)  TNS Failing Endpoints  TNS Total Endpoints      WHS(ns)      THS(ns)  THS Failing Endpoints  THS Total Endpoints     WPWS(ns)     TPWS(ns)  TPWS Failing Endpoints  TPWS Total Endpoints  
    -------      -------  ---------------------  -------------------      -------      -------  ---------------------  -------------------     --------     --------  ----------------------  --------------------  
         NA           NA                     NA                   NA           NA           NA                     NA                   NA           NA           NA                      NA                    NA  


There are no user specified timing constraints.


------------------------------------------------------------------------------------------------
| Clock Summary
| -------------
------------------------------------------------------------------------------------------------


------------------------------------------------------------------------------------------------
| Intra Clock Table
| -----------------
------------------------------------------------------------------------------------------------

Clock             WNS(ns)      TNS(ns)  TNS Failing Endpoints  TNS Total Endpoints      WHS(ns)      THS(ns)  THS Failing Endpoints  THS Total Endpoints     WPWS(ns)     TPWS(ns)  TPWS Failing Endpoints  TPWS Total Endpoints  
-----             -------      -------  ---------------------  -------------------      -------      -------  ---------------------  -------------------     --------     --------  ----------------------  --------------------  


------------------------------------------------------------------------------------------------
| Inter Clock Table
| -----------------
------------------------------------------------------------------------------------------------

From Clock    To Clock          WNS(ns)      TNS(ns)  TNS Failing Endpoints  TNS Total Endpoints      WHS(ns)      THS(ns)  THS Failing Endpoints  THS Total Endpoints  
----------    --------          -------      -------  ---------------------  -------------------      -------      -------  ---------------------  -------------------  


------------------------------------------------------------------------------------------------
| Other Path Groups Table
| -----------------------
------------------------------------------------------------------------------------------------

Path Group    From Clock    To Clock          WNS(ns)      TNS(ns)  TNS Failing Endpoints  TNS Total Endpoints      WHS(ns)      THS(ns)  THS Failing Endpoints  THS Total Endpoints  
----------    ----------    --------          -------      -------  ---------------------  -------------------      -------      -------  ---------------------  -------------------  


------------------------------------------------------------------------------------------------
| Timing Details
| --------------
------------------------------------------------------------------------------------------------


